Ind001_F_B
Ind002_M_S
Ind003_M_U
Ind004_F_S
Ind005_F_S
Ind006_M_J
Ind007_M_J
Ind008_F_U
Ind009_F_U
Ind010_F_S
Ind011_F_U
Ind012_M_J
Ind013_M_U
Ind014_M_U
Ind015_F_S
Ind016_M_J
Ind017_F_S
Ind018_F_S
Ind019_F_U
Ind020_F_J
Ind021_M_J
Ind022_M_U
Ind023_M_J
Ind024_F_S
Ind025_F_S
Ind026_F_S
Ind027_F_S
Ind028_F_J
Ind029_F_S
Ind030_F_U
Ind031_M_J
Ind032_M_S
Ind033_F_U
Ind034_F_U
Ind035_M_J
Ind036_F_S
Ind037_F_B
Ind038_F_U
Ind039_F_U
Ind040_F_J
Ind041_F_U
Ind042_M_U
Ind043_F_U
Ind044_M_J
Ind045_F_U
Ind046_F_S
Ind047_M_J
Ind048_M_S
Ind049_M_S
Ind050_F_S
Ind051_M_S
Ind052_M_S
Ind053_M_S
Ind054_M_J
Ind055_F_J
Ind056_M_S
Ind057_M_J
Ind058_M_S
Ind059_M_S
Ind060_M_U
Ind061_F_S
Ind062_M_J
Ind063_M_J
Ind064_F_U
Ind065_M_U
Ind066_F_J
Ind067_M_S
Ind068_M_S
Ind069_M_U
Ind070_M_U
Ind071_M_J
Ind072_M_J
Ind073_F_S
Ind074_M_J
Ind075_F_S
Ind076_F_B
Ind077_M_J
Ind078_M_B
Ind079_F_S
Ind080_M_S
Ind081_M_J
Ind082_M_B
Ind083_M_B
Ind084_M_B
Ind085_M_J
Ind086_M_S
Ind087_M_J
Ind088_M_S
Ind089_M_U
Ind090_M_B
Ind091_F_S
Ind092_M_S
Ind093_M_S
Ind094_M_S
Ind095_M_S
Ind096_M_J
Ind097_M_J
Ind098_M_B
Ind099_M_J
Ind100_M_B
Ind101_M_S
Ind102_M_J
Ind103_F_J
Ind104_F_U
Ind105_F_S
Ind106_F_J
Ind107_M_S
Ind108_M_S
Ind109_F_J
Ind110_M_B
Ind111_M_B
Ind112_F_B
Ind113_F_B
Ind114_F_B
Ind115_F_U
Ind116_F_S
Ind117_M_J
Ind118_M_S
Ind119_M_S
Ind120_M_S
Ind121_M_S
Ind122_M_S
Ind123_M_S
Ind124_M_B
Ind125_F_J
Ind126_F_S
Ind127_F_S
Ind128_F_S
Ind129_F_S
Ind130_M_J
Ind131_M_J
Ind132_F_B
Ind133_F_S
Ind134_F_J
Ind135_F_J
Ind136_M_S
Ind137_M_J
Ind138_F_J
Ind139_M_S
Ind140_F_S
Ind141_F_S
Ind142_F_S
Ind143_M_S
Ind144_M_U
Ind145_M_U
Ind146_M_U
Ind147_F_U
Ind148_M_S
Ind149_M_S
Ind150_M_S
Ind151_M_S
Ind152_M_B
Ind153_M_S
Ind154_M_U
Ind155_M_U
Ind156_M_J
Ind157_M_S
Ind158_F_J
Ind159_F_U
Ind160_F_J
Ind161_F_J
Ind162_F_S
Ind163_M_S
Ind164_M_S
Ind165_M_J
Ind166_M_S
Ind167_M_J
Ind168_M_S
Ind169_F_J
Ind170_M_S
Ind171_M_S
Ind172_M_S
Ind173_M_S
Ind174_F_J
Ind175_F_J
Ind176_F_B
Ind177_F_B
Ind178_F_J
Ind179_M_J
Ind180_F_J
Ind181_F_S
Ind182_M_J
Ind183_M_S
Ind184_M_S
Ind185_F_S
Ind186_F_B
Ind187_M_J
Ind188_F_J
Ind189_M_U
Ind190_F_J
Ind191_F_S
Ind192_M_S
Ind193_M_S
Ind194_M_S
Ind195_M_S
Ind196_M_J
Ind197_M_S
Ind198_F_S
Ind199_M_U
Ind200_M_S
Ind201_M_J
Ind202_F_S
Ind203_M_S
Ind204_M_J
Ind205_M_U
Ind206_F_S
Ind207_F_S
Ind208_F_J
Ind209_M_U
Ind210_F_J
Ind211_F_U
Ind212_M_U
Ind213_M_B
Ind214_M_B
Ind215_M_B
Ind216_F_U
Ind217_M_B
Ind218_M_B
Ind219_M_B
Ind220_M_U
Ind221_F_S
Ind222_F_S
Ind223_F_S
Ind224_F_S
Ind225_M_J
Ind226_M_J
Ind227_M_B
Ind228_M_B
Ind229_M_B
Ind230_M_B
Ind231_F_S
Ind232_F_U
Ind233_M_U
Ind234_M_B
Ind235_F_J
Ind236_F_U
Ind237_F_U
Ind238_M_B
Ind239_M_J
Ind240_M_S
Ind241_M_U
Ind242_F_U
Ind243_F_S
Ind244_F_B
Ind245_F_U
Ind246_F_S
Ind247_F_U
Ind248_F_S
Ind249_F_U
Ind250_M_J
Ind251_F_S
Ind252_F_U
Ind253_F_U
Ind254_F_J
Ind255_M_J
Ind256_F_J
Ind257_F_J
Ind258_M_S
Ind259_M_S
Ind260_M_S
Ind261_M_U
Ind262_M_U
Ind263_F_U
Ind264_F_U
Ind265_F_U
Ind266_F_U
Ind267_F_U
Ind268_F_S
Ind269_F_U
Ind270_F_S
Ind271_F_U
Ind272_F_J
Ind273_M_U
Ind274_M_U
Ind275_M_U
Ind276_M_J
Ind277_M_B
Ind278_M_U
Ind279_M_U
Ind280_M_U
Ind281_M_U
Ind282_F_S
Ind283_F_S
Ind284_F_S
Ind285_M_U
Ind286_M_U
Ind287_F_U
Ind288_M_U
Ind289_F_J
Ind290_M_U
Ind291_M_U
Ind292_F_J
Ind293_F_J
Ind294_F_B
Ind295_F_B
Ind296_F_U
Ind297_F_B
Ind298_M_U
Ind299_F_J
Ind300_F_J
Ind301_F_U
Ind302_F_U
Ind303_F_S
Ind304_M_U
Ind305_M_U
Ind306_M_U
Ind307_F_S
Ind308_M_U
Ind309_M_U
Ind310_M_U
Ind311_M_B
Ind312_F_S
Ind313_F_S
Ind314_F_S
Ind315_M_B
Ind316_M_B
Ind317_F_B
Ind318_F_B
Ind319_F_B
Ind320_F_B
Ind321_F_S
Ind322_F_U
Ind323_F_U
Ind324_M_U
Ind325_M_U
Ind326_M_U
Ind327_M_U
Ind328_M_B
Ind329_M_S
Ind330_F_J
Ind331_F_S
Ind332_M_S
Ind333_M_B
Ind334_M_B
Ind335_M_B
Ind336_M_U
Ind337_M_U
Ind338_M_U
Ind339_F_U
Ind340_M_U
Ind341_M_S
Ind342_M_S
Ind343_M_B
Ind344_F_S
Ind345_M_U
Ind346_M_B
Ind347_M_B
Ind348_F_U
Ind349_F_S
Ind350_F_S
Ind351_F_U
Ind352_F_U
Ind353_M_B
Ind354_F_S
Ind355_F_S
Ind356_F_B
Ind357_F_U
Ind358_F_U
Ind359_F_B
Ind360_F_B
Ind361_M_B
Ind362_F_B
Ind363_F_U
Ind364_M_S
Ind365_F_B
Ind366_M_S
Ind367_F_B
Ind368_F_S
Ind369_M_U
Ind370_F_B
Ind371_F_J
Ind372_F_B
Ind373_F_B
Ind374_F_B
Ind375_M_S
Ind376_M_U
Ind377_F_B
Ind378_F_B
Ind379_F_J
Ind380_F_S
Ind381_F_S
Ind382_F_B
Ind383_F_B
Ind384_F_J
Ind385_F_J
Ind386_F_J
Ind387_F_J
Ind388_F_U
Ind389_F_U
Ind390_F_U
Ind391_M_S
Ind392_F_U
Ind393_F_J
Ind394_F_U
Ind395_F_J
Ind396_F_J
Ind397_F_U
Ind398_F_B
Ind399_F_B
Ind400_F_U
